# JRE version: OpenJDK Runtime Environment (8.0_202-b03) (build 1.8.0_202-release-1483-b03)
# Java VM: OpenJDK 64-Bit Server VM (25.202-b03 mixed mode windows-amd64 compressed oops)
Heap:
 PSYoungGen      total 273920K, used 66837K [0x00000000e0000000, 0x00000000f5c00000, 0x0000000100000000)
  eden space 248320K, 16% used [0x00000000e0000000,0x00000000e284ca30,0x00000000ef280000)
  from space 25600K, 99% used [0x00000000f4300000,0x00000000f5bf8b70,0x00000000f5c00000)
  to   space 30208K, 0% used [0x00000000f2100000,0x00000000f2100000,0x00000000f3e80000)
 ParOldGen       total 215040K, used 39222K [0x00000000a0000000, 0x00000000ad200000, 0x00000000e0000000)
  object space 215040K, 18% used [0x00000000a0000000,0x00000000a264daa0,0x00000000ad200000)
 Metaspace       used 80855K, capacity 84366K, committed 84568K, reserved 1122304K
  class space    used 10894K, capacity 11612K, committed 11648K, reserved 1048576K
GC Heap History (10 events):
Event: 5.339 GC heap before
{Heap before GC invocations=9 (full 2):
 PSYoungGen      total 181760K, used 167424K [0x00000000e0000000, 0x00000000eee80000, 0x0000000100000000)
  eden space 167424K, 100% used [0x00000000e0000000,0x00000000ea380000,0x00000000ea380000)
  from space 14336K, 0% used [0x00000000eb100000,0x00000000eb100000,0x00000000ebf00000)
  to   space 13824K, 0% used [0x00000000ea380000,0x00000000ea380000,0x00000000eb100000)
 ParOldGen       total 147968K, used 16119K [0x00000000a0000000, 0x00000000a9080000, 0x00000000e0000000)
  object space 147968K, 10% used [0x00000000a0000000,0x00000000a0fbddc8,0x00000000a9080000)
 Metaspace       used 49816K, capacity 50976K, committed 51032K, reserved 1093632K
  class space    used 6715K, capacity 7009K, committed 7040K, reserved 1048576K
Event: 5.351 GC heap after
Heap after GC invocations=9 (full 2):
 PSYoungGen      total 181248K, used 13818K [0x00000000e0000000, 0x00000000f2080000, 0x0000000100000000)
  eden space 167424K, 0% used [0x00000000e0000000,0x00000000e0000000,0x00000000ea380000)
  from space 13824K, 99% used [0x00000000ea380000,0x00000000eb0fead0,0x00000000eb100000)
  to   space 18944K, 0% used [0x00000000f0e00000,0x00000000f0e00000,0x00000000f2080000)
 ParOldGen       total 147968K, used 23074K [0x00000000a0000000, 0x00000000a9080000, 0x00000000e0000000)
  object space 147968K, 15% used [0x00000000a0000000,0x00000000a1688848,0x00000000a9080000)
 Metaspace       used 49816K, capacity 50976K, committed 51032K, reserved 1093632K
  class space    used 6715K, capacity 7009K, committed 7040K, reserved 1048576K
}
Event: 6.006 GC heap before
{Heap before GC invocations=10 (full 2):
 PSYoungGen      total 181248K, used 102314K [0x00000000e0000000, 0x00000000f2080000, 0x0000000100000000)
  eden space 167424K, 52% used [0x00000000e0000000,0x00000000e566bd40,0x00000000ea380000)
  from space 13824K, 99% used [0x00000000ea380000,0x00000000eb0fead0,0x00000000eb100000)
  to   space 18944K, 0% used [0x00000000f0e00000,0x00000000f0e00000,0x00000000f2080000)
 ParOldGen       total 147968K, used 23074K [0x00000000a0000000, 0x00000000a9080000, 0x00000000e0000000)
  object space 147968K, 15% used [0x00000000a0000000,0x00000000a1688848,0x00000000a9080000)
 Metaspace       used 56897K, capacity 58956K, committed 59028K, reserved 1099776K
  class space    used 7809K, capacity 8249K, committed 8320K, reserved 1048576K
Event: 6.015 GC heap after
Heap after GC invocations=10 (full 2):
 PSYoungGen      total 274432K, used 17975K [0x00000000e0000000, 0x00000000f2300000, 0x0000000100000000)
  eden space 255488K, 0% used [0x00000000e0000000,0x00000000e0000000,0x00000000ef980000)
  from space 18944K, 94% used [0x00000000f0e00000,0x00000000f1f8dea8,0x00000000f2080000)
  to   space 20992K, 0% used [0x00000000ef980000,0x00000000ef980000,0x00000000f0e00000)
 ParOldGen       total 147968K, used 23146K [0x00000000a0000000, 0x00000000a9080000, 0x00000000e0000000)
  object space 147968K, 15% used [0x00000000a0000000,0x00000000a169a858,0x00000000a9080000)
 Metaspace       used 56897K, capacity 58956K, committed 59028K, reserved 1099776K
  class space    used 7809K, capacity 8249K, committed 8320K, reserved 1048576K
}
Event: 6.015 GC heap before
{Heap before GC invocations=11 (full 3):
 PSYoungGen      total 274432K, used 17975K [0x00000000e0000000, 0x00000000f2300000, 0x0000000100000000)
  eden space 255488K, 0% used [0x00000000e0000000,0x00000000e0000000,0x00000000ef980000)
  from space 18944K, 94% used [0x00000000f0e00000,0x00000000f1f8dea8,0x00000000f2080000)
  to   space 20992K, 0% used [0x00000000ef980000,0x00000000ef980000,0x00000000f0e00000)
 ParOldGen       total 147968K, used 23146K [0x00000000a0000000, 0x00000000a9080000, 0x00000000e0000000)
  object space 147968K, 15% used [0x00000000a0000000,0x00000000a169a858,0x00000000a9080000)
 Metaspace       used 56897K, capacity 58956K, committed 59028K, reserved 1099776K
  class space    used 7809K, capacity 8249K, committed 8320K, reserved 1048576K
Event: 6.102 GC heap after
Heap after GC invocations=11 (full 3):
 PSYoungGen      total 274432K, used 0K [0x00000000e0000000, 0x00000000f2300000, 0x0000000100000000)
  eden space 255488K, 0% used [0x00000000e0000000,0x00000000e0000000,0x00000000ef980000)
  from space 18944K, 0% used [0x00000000f0e00000,0x00000000f0e00000,0x00000000f2080000)
  to   space 20992K, 0% used [0x00000000ef980000,0x00000000ef980000,0x00000000f0e00000)
 ParOldGen       total 215040K, used 31698K [0x00000000a0000000, 0x00000000ad200000, 0x00000000e0000000)
  object space 215040K, 14% used [0x00000000a0000000,0x00000000a1ef4b80,0x00000000ad200000)
 Metaspace       used 56587K, capacity 58042K, committed 59028K, reserved 1099776K
  class space    used 7716K, capacity 8084K, committed 8320K, reserved 1048576K
}
Event: 26.635 GC heap before
{Heap before GC invocations=12 (full 3):
 PSYoungGen      total 274432K, used 255488K [0x00000000e0000000, 0x00000000f2300000, 0x0000000100000000)
  eden space 255488K, 100% used [0x00000000e0000000,0x00000000ef980000,0x00000000ef980000)
  from space 18944K, 0% used [0x00000000f0e00000,0x00000000f0e00000,0x00000000f2080000)
  to   space 20992K, 0% used [0x00000000ef980000,0x00000000ef980000,0x00000000f0e00000)
 ParOldGen       total 215040K, used 31698K [0x00000000a0000000, 0x00000000ad200000, 0x00000000e0000000)
  object space 215040K, 14% used [0x00000000a0000000,0x00000000a1ef4b80,0x00000000ad200000)
 Metaspace       used 68115K, capacity 70136K, committed 70360K, reserved 1110016K
  class space    used 8985K, capacity 9459K, committed 9472K, reserved 1048576K
Event: 26.657 GC heap after
Heap after GC invocations=12 (full 3):
 PSYoungGen      total 276480K, used 20984K [0x00000000e0000000, 0x00000000f5c00000, 0x0000000100000000)
  eden space 255488K, 0% used [0x00000000e0000000,0x00000000e0000000,0x00000000ef980000)
  from space 20992K, 99% used [0x00000000ef980000,0x00000000f0dfe220,0x00000000f0e00000)
  to   space 25600K, 0% used [0x00000000f4300000,0x00000000f4300000,0x00000000f5c00000)
 ParOldGen       total 215040K, used 35958K [0x00000000a0000000, 0x00000000ad200000, 0x00000000e0000000)
  object space 215040K, 16% used [0x00000000a0000000,0x00000000a231d920,0x00000000ad200000)
 Metaspace       used 68115K, capacity 70136K, committed 70360K, reserved 1110016K
  class space    used 8985K, capacity 9459K, committed 9472K, reserved 1048576K
}
Event: 1804.462 GC heap before
{Heap before GC invocations=13 (full 3):
 PSYoungGen      total 276480K, used 276472K [0x00000000e0000000, 0x00000000f5c00000, 0x0000000100000000)
  eden space 255488K, 100% used [0x00000000e0000000,0x00000000ef980000,0x00000000ef980000)
  from space 20992K, 99% used [0x00000000ef980000,0x00000000f0dfe220,0x00000000f0e00000)
  to   space 25600K, 0% used [0x00000000f4300000,0x00000000f4300000,0x00000000f5c00000)
 ParOldGen       total 215040K, used 35958K [0x00000000a0000000, 0x00000000ad200000, 0x00000000e0000000)
  object space 215040K, 16% used [0x00000000a0000000,0x00000000a231d920,0x00000000ad200000)
 Metaspace       used 80718K, capacity 84302K, committed 84568K, reserved 1122304K
  class space    used 10894K, capacity 11612K, committed 11648K, reserved 1048576K
Event: 1804.651 GC heap after
Heap after GC invocations=13 (full 3):
 PSYoungGen      total 273920K, used 25570K [0x00000000e0000000, 0x00000000f5c00000, 0x0000000100000000)
  eden space 248320K, 0% used [0x00000000e0000000,0x00000000e0000000,0x00000000ef280000)
  from space 25600K, 99% used [0x00000000f4300000,0x00000000f5bf8b70,0x00000000f5c00000)
  to   space 30208K, 0% used [0x00000000f2100000,0x00000000f2100000,0x00000000f3e80000)
 ParOldGen       total 215040K, used 39222K [0x00000000a0000000, 0x00000000ad200000, 0x00000000e0000000)
  object space 215040K, 18% used [0x00000000a0000000,0x00000000a264daa0,0x00000000ad200000)
 Metaspace       used 80718K, capacity 84302K, committed 84568K, reserved 1122304K
  class space    used 10894K, capacity 11612K, committed 11648K, reserved 1048576K
}

